<?xml version="1.0" encoding="UTF-8"?>
<!-- Generated by org.testng.reporters.JUnitReportReporter -->
<testsuite hostname="LAPTOP-FN2U1PQQ" failures="0" tests="1" name="testNG.FrameWork" time="0.011" errors="0" timestamp="2023-07-07T11:58:23 IST" skipped="0">
  <testcase classname="testNG.FrameWork" name="f" time="0.011"/>
  <system-out/>
</testsuite> <!-- testNG.FrameWork -->
